<?xml version="1.0" encoding="UTF-8"?>
<testsuite xmlns:xsi="http://www.w3.org/2001/XMLSchema-instance" xsi:noNamespaceSchemaLocation="https://maven.apache.org/surefire/maven-surefire-plugin/xsd/surefire-test-report.xsd" name="com.hicx.test.statistics.WordCountProcessorTest" time="0.024" tests="6" errors="0" skipped="0" failures="0">
  <properties>
[...]
</properties>
  <testcase name="assertThatCountWordsWithNewLine" classname="com.hicx.test.statistics.WordCountProcessorTest" time="0.007"/>
  <testcase name="assertThatTittle_Corresponds" classname="com.hicx.test.statistics.WordCountProcessorTest" time="0.002"/>
  <testcase name="assertThatCountZeroWithNoLines" classname="com.hicx.test.statistics.WordCountProcessorTest" time="0"/>
  <testcase name="assertThatCountWordsWithPunctuation" classname="com.hicx.test.statistics.WordCountProcessorTest" time="0.001"/>
  <testcase name="assertThatCountWords" classname="com.hicx.test.statistics.WordCountProcessorTest" time="0.002"/>
  <testcase name="assertThatSumsLines" classname="com.hicx.test.statistics.WordCountProcessorTest" time="0.001"/>
</testsuite>